This is pdfTeX, Version 3.14159265-2.6-1.40.21 (MiKTeX 2.9.7440 64-bit) (preloaded format=pdflatex 2020.5.25)  12 SEP 2020 15:07
entering extended mode
**./memoria.tex
(memoria.tex
LaTeX2e <2020-02-02> patch level 5
L3 programming layer <2020-05-15>
("C:\Users\theac\AppData\Local\Programs\MiKTeX 2.9\tex/latex/memoir\memoir.cls"
Document Class: memoir 2020/03/25 v3.7k configurable book, report, article docu
ment class
\onelineskip=\skip47
\lxvchars=\skip48
\xlvchars=\skip49
\@memcnta=\count167
\c@@memmarkcntra=\count168
LaTeX Info: Redefining \InputIfFileExists on input line 140.
("C:\Users\theac\AppData\Local\Programs\MiKTeX 2.9\tex/generic/iftex\iftex.sty"
Package: iftex 2020/03/06 v1.0d TeX engine tests
)
\stockheight=\skip50
\stockwidth=\skip51
\trimtop=\skip52
\trimedge=\skip53
 ("C:\Users\theac\AppData\Local\Programs\MiKTeX 2.9\tex/latex/memoir\mem12.clo"
File: mem12.clo 2010/10/19 v0.4b memoir class 12pt size option
)
\binding=\skip54
\spinemargin=\skip55
\foremargin=\skip56
\uppermargin=\skip57
\lowermargin=\skip58
\headdrop=\skip59
\normalrulethickness=\skip60
\mem@maxheadheight=\skip61
\mem@maxfootheight=\skip62
\headwidth=\skip63
\c@storedpagenumber=\count169
\memPD=\dimen134
\m@mabparskip=\skip64
\thanksmarkwidth=\skip65
\thanksmarksep=\skip66
\droptitle=\skip67
\c@book=\count170
\c@part=\count171
\c@chapter=\count172
\c@section=\count173
\c@subsection=\count174
\c@subsubsection=\count175
\c@paragraph=\count176
\c@subparagraph=\count177
\beforechapskip=\skip68
\midchapskip=\skip69
\afterchapskip=\skip70
\chapindent=\skip71
\bottomsectionskip=\skip72
\secindent=\skip73
\beforesecskip=\skip74
\aftersecskip=\skip75
\subsecindent=\skip76
\beforesubsecskip=\skip77
\aftersubsecskip=\skip78
\subsubsecindent=\skip79
\beforesubsubsecskip=\skip80
\aftersubsubsecskip=\skip81
\paraindent=\skip82
\beforeparaskip=\skip83
\afterparaskip=\skip84
\subparaindent=\skip85
\beforesubparaskip=\skip86
\aftersubparaskip=\skip87
\pfbreakskip=\skip88
\c@@ppsavesec=\count178
\c@@ppsaveapp=\count179
\ragrparindent=\dimen135
\everylistparindent=\dimen136
\parsepi=\skip89
\topsepi=\skip90
\itemsepi=\skip91
\parsepii=\skip92
\topsepii=\skip93
\topsepiii=\skip94
\itemsepii=\skip95
\itemsepiii=\skip96
\partopsepii=\skip97
\partopsepiii=\skip98
\m@msavetopsep=\skip99
\m@msavepartopsep=\skip100
\@enLab=\toks15
\abstitleskip=\skip101
\absleftindent=\skip102
\abs@leftindent=\dimen137
\absrightindent=\skip103
\absparindent=\skip104
\absparsep=\skip105
\c@vslineno=\count180
\c@poemline=\count181
\c@modulo@vs=\count182
\c@memfvsline=\count183
\vleftskip=\skip106
\vrightskip=\skip107
\stanzaskip=\skip108
\versewidth=\skip109
\vgap=\skip110
\vindent=\skip111
\vleftmargin=\dimen138
\c@verse=\count184
\c@chrsinstr=\count185
\beforepoemtitleskip=\skip112
\afterpoemtitleskip=\skip113
\c@poem=\count186
\beforePoemTitleskip=\skip114
\midPoemTitleskip=\skip115
\afterPoemTitleskip=\skip116
 ("C:\Users\theac\AppData\Local\Programs\MiKTeX 2.9\tex/latex/tools\array.sty"
Package: array 2019/08/31 v2.4l Tabular extension package (FMi)
\col@sep=\dimen139
\ar@mcellbox=\box45
\extrarowheight=\dimen140
\NC@list=\toks16
\extratabsurround=\skip117
\backup@length=\skip118
\ar@cellbox=\box46
)
("C:\Users\theac\AppData\Local\Programs\MiKTeX 2.9\tex/latex/tools\dcolumn.sty"
Package: dcolumn 2014/10/28 v1.06 decimal alignment package (DPC)
)
("C:\Users\theac\AppData\Local\Programs\MiKTeX 2.9\tex/latex/tools\delarray.sty
"
Package: delarray 2014/10/28 v1.01 array delimiter package (DPC)
)
("C:\Users\theac\AppData\Local\Programs\MiKTeX 2.9\tex/latex/tools\tabularx.sty
"
Package: tabularx 2020/01/15 v2.11c `tabularx' package (DPC)
\TX@col@width=\dimen141
\TX@old@table=\dimen142
\TX@old@col=\dimen143
\TX@target=\dimen144
\TX@delta=\dimen145
\TX@cols=\count187
\TX@ftn=\toks17
)
\heavyrulewidth=\dimen146
\lightrulewidth=\dimen147
\cmidrulewidth=\dimen148
\belowrulesep=\dimen149
\belowbottomsep=\dimen150
\aboverulesep=\dimen151
\abovetopsep=\dimen152
\cmidrulesep=\dimen153
\cmidrulekern=\dimen154
\defaultaddspace=\dimen155
\@cmidla=\count188
\@cmidlb=\count189
\@aboverulesep=\dimen156
\@belowrulesep=\dimen157
\@thisruleclass=\count190
\@lastruleclass=\count191
\@thisrulewidth=\dimen158
\ctableftskip=\skip119
\ctabrightskip=\skip120
\abovecolumnspenalty=\count192
\@linestogo=\count193
\@cellstogo=\count194
\@cellsincolumn=\count195
\crtok=\toks18
\@mincolumnwidth=\dimen159
\c@newflo@tctr=\count196
\mem@margin@floatbox=\box47
\@contcwidth=\skip121
\@contindw=\skip122
\abovecaptionskip=\skip123
\belowcaptionskip=\skip124
\subfloattopskip=\skip125
\subfloatcapskip=\skip126
\subfloatcaptopadj=\skip127
\subfloatbottomskip=\skip128
\subfloatlabelskip=\skip129
\subfloatcapmargin=\dimen160
\c@@contsubnum=\count197
\m@mscap@capbox=\box48
\m@mscap@fbox=\box49
\sidecapsep=\dimen161
\sidecapwidth=\dimen162
\m@m@tempdima=\dimen163
\m@mscapraise=\dimen164
\sidecapraise=\dimen165
\m@mscapmainwidth=\dimen166
\m@mscaplkern=\dimen167
\beforeepigraphskip=\skip130
\afterepigraphskip=\skip131
\epigraphwidth=\skip132
\epigraphrule=\skip133
LaTeX Info: Redefining \em on input line 7664.
LaTeX Info: Redefining \emph on input line 7672.
\tocentryskip=\skip134
\tocbaseline=\skip135
\cftparskip=\skip136
\cftbeforebookskip=\skip137
\cftbookindent=\dimen168
\cftbooknumwidth=\dimen169
\cftbeforepartskip=\skip138
\cftpartindent=\skip139
\cftpartnumwidth=\skip140
\cftbeforechapterskip=\skip141
\cftchapterindent=\skip142
\cftchapternumwidth=\skip143
\cftbeforesectionskip=\skip144
\cftsectionindent=\skip145
\cftsectionnumwidth=\skip146
\cftbeforesubsectionskip=\skip147
\cftsubsectionindent=\skip148
\cftsubsectionnumwidth=\skip149
\cftbeforesubsubsectionskip=\skip150
\cftsubsubsectionindent=\skip151
\cftsubsubsectionnumwidth=\skip152
\cftbeforeparagraphskip=\skip153
\cftparagraphindent=\skip154
\cftparagraphnumwidth=\skip155
\cftbeforesubparagraphskip=\skip156
\cftsubparagraphindent=\skip157
\cftsubparagraphnumwidth=\skip158
\prechapterprecisshift=\dimen170
\c@maxsecnumdepth=\count198
\bibindent=\dimen171
\bibitemsep=\skip159
\indexcolsep=\skip160
\indexrule=\skip161
\indexmarkstyle=\toks19
\@indexbox=\insert199
\glossarycolsep=\dimen172
\glossaryrule=\dimen173
\sideparvshift=\skip162
\sideins=\insert252
\sidebartopsep=\skip163
\sidebarhsep=\skip164
\sidebarvsep=\skip165
\sidebarwidth=\skip166
\footmarkwidth=\skip167
\footmarksep=\skip168
\footparindent=\skip169
\footinsdim=\skip170
\footinsv@r=\insert251
\@mpfootinsv@r=\insert250
\m@m@k=\count266
\m@m@h=\dimen174
\m@mipn@skip=\skip171
\sidefootins=\insert249
\sidefootadjust=\skip172
\sidefootheight=\skip173
\sidefoothsep=\skip174
\sidefootvsep=\skip175
\sidefootwidth=\skip176
\m@mdownsf=\skip177
\c@sidefootnote=\count267
\sidefootmarkwidth=\skip178
\sidefootmarksep=\skip179
\sidefootparindent=\skip180
\c@pagenote=\count268
\c@pagenoteshadow=\count269
\mem@pn@lastkern=\skip181
\every@verbatim=\toks20
\afterevery@verbatim=\toks21
\verbatim@line=\toks22
\tab@position=\count270
\verbatim@in@stream=\read2
\verbatimindent=\skip182
\verbatim@out=\write3
\bvboxsep=\skip183
\c@memfbvline=\count271
\c@bvlinectr=\count272
\bvnumlength=\skip184
\fb@frw=\dimen175
\fb@frh=\dimen176
\FrameRule=\dimen177
\FrameSep=\dimen178
\c@cp@cntr=\count273
LaTeX Info: Redefining \: on input line 12191.
LaTeX Info: Redefining \! on input line 12193.
\c@ism@mctr=\count274
\c@xsm@mctr=\count275
\c@csm@mctr=\count276
\c@ksm@mctr=\count277
\c@xksm@mctr=\count278
\c@cksm@mctr=\count279
\c@msm@mctr=\count280
\c@xmsm@mctr=\count281
\c@cmsm@mctr=\count282
\c@bsm@mctr=\count283
\c@workm@mctr=\count284
\c@sheetsequence=\count285
\c@lastsheet=\count286
\c@lastpage=\count287

("C:\Users\theac\AppData\Local\Programs\MiKTeX 2.9\tex/latex/textcase\textcase.
sty"
Package: textcase 2019/09/14 v1.00 Text only upper/lower case changing (DPC)
)
\c@figure=\count288
\c@lofdepth=\count289
\cftbeforefigureskip=\skip185
\cftfigureindent=\skip186
\cftfigurenumwidth=\skip187
\c@table=\count290
\c@lotdepth=\count291
\cftbeforetableskip=\skip188
\cfttableindent=\skip189
\cfttablenumwidth=\skip190
Package abstract [2008/07/23] emulated by memoir.
Package appendix [2008/07/23] emulated by memoir.
Package booktabs [2016/05/16] emulated by memoir.
Package ccaption [2008/07/23] emulated by memoir.
Package changepage [2008/07/23] emulated by memoir.
Package chngcntr [2008/07/23] emulated by memoir.
Package chngpage [2008/07/23] emulated by memoir.
Package crop emulated by memoir.
Package enumerate [2008/07/23] emulated by memoir.
Package epigraph [2008/07/23] emulated by memoir.
Package ifmtarg [2008/07/23] emulated by memoir.
Package index [2008/07/23] emulated by memoir.
Package makeidx [2008/07/23] emulated by memoir.
Package moreverb [2008/07/23] emulated by memoir.
Package mparhack [2008/07/23] emulated by memoir.
Package needspace [2008/07/23] emulated by memoir.
Package newfile [2008/07/23] emulated by memoir.
Package nextpage [2008/07/23] emulated by memoir.
Package pagenote [2008/07/23] emulated by memoir.
Package parskip [2008/07/23] emulated by memoir.
Package patchcmd [2008/07/23] emulated by memoir.
Package setspace [2008/07/23] emulated by memoir.
Package shortvrb [2008/07/23] emulated by memoir.
Package showidx [2008/07/23] emulated by memoir.
Package titleref [2008/07/23] emulated by memoir.
Package titling [2008/07/23] emulated by memoir.
Package tocbibind [2008/07/23] emulated by memoir.
Package tocloft [2008/07/23] emulated by memoir.
Package tocvsec2 [2008/07/23] emulated by memoir.
Package verbatim [2008/07/23] emulated by memoir.
Package verse [2008/07/23] emulated by memoir.
)
("C:\Users\theac\AppData\Local\Programs\MiKTeX 2.9\tex/generic/babel\babel.sty"
Package: babel 2020/05/13 3.44 The Babel package
("C:\Users\theac\AppData\Local\Programs\MiKTeX 2.9\tex/generic/babel\babel.def"
File: babel.def 2020/05/13 3.44 Babel common definitions
\babel@savecnt=\count292
\U@D=\dimen179
\l@babelnohyphens=\language78

("C:\Users\theac\AppData\Local\Programs\MiKTeX 2.9\tex/generic/babel\txtbabel.d
ef")
\bbl@readstream=\read3
)
\bbl@dirlevel=\count293

*************************************
* Local config file bblopts.cfg used
*
("C:\Users\theac\AppData\Local\Programs\MiKTeX 2.9\tex/latex/arabi\bblopts.cfg"
File: bblopts.cfg 2005/09/08 v0.1 add Arabic and Farsi to "declared" options of
 babel
)
("C:\Users\theac\AppData\Local\Programs\MiKTeX 2.9\tex/latex/babel-spanish\span
ish.ldf"
Language: spanish.ldf 2016/03/03 v5.0p Spanish support from the babel system
\es@quottoks=\toks23
\es@quotdepth=\count294
Package babel Info: Making " an active character on input line 561.
Package babel Info: Making . an active character on input line 662.
Package babel Info: Making < an active character on input line 707.
Package babel Info: Making > an active character on input line 707.
))
LaTeX Info: Redefining \. on input line 5.
LaTeX Info: Redefining \% on input line 5.

("C:\Users\theac\AppData\Local\Programs\MiKTeX 2.9\tex/latex/base\inputenc.sty"
Package: inputenc 2018/08/11 v1.3c Input encoding file
\inpenc@prehook=\toks24
\inpenc@posthook=\toks25
) ("C:\Users\theac\AppData\Local\Programs\MiKTeX 2.9\tex/latex/base\fontenc.sty
"
Package: fontenc 2020/02/11 v2.0o Standard LaTeX package
) ("C:\Users\theac\AppData\Local\Programs\MiKTeX 2.9\tex/latex/lm\lmodern.sty"
Package: lmodern 2009/10/30 v1.6 Latin Modern Fonts
LaTeX Font Info:    Overwriting symbol font `operators' in version `normal'
(Font)                  OT1/cmr/m/n --> OT1/lmr/m/n on input line 22.
LaTeX Font Info:    Overwriting symbol font `letters' in version `normal'
(Font)                  OML/cmm/m/it --> OML/lmm/m/it on input line 23.
LaTeX Font Info:    Overwriting symbol font `symbols' in version `normal'
(Font)                  OMS/cmsy/m/n --> OMS/lmsy/m/n on input line 24.
LaTeX Font Info:    Overwriting symbol font `largesymbols' in version `normal'
(Font)                  OMX/cmex/m/n --> OMX/lmex/m/n on input line 25.
LaTeX Font Info:    Overwriting symbol font `operators' in version `bold'
(Font)                  OT1/cmr/bx/n --> OT1/lmr/bx/n on input line 26.
LaTeX Font Info:    Overwriting symbol font `letters' in version `bold'
(Font)                  OML/cmm/b/it --> OML/lmm/b/it on input line 27.
LaTeX Font Info:    Overwriting symbol font `symbols' in version `bold'
(Font)                  OMS/cmsy/b/n --> OMS/lmsy/b/n on input line 28.
LaTeX Font Info:    Overwriting symbol font `largesymbols' in version `bold'
(Font)                  OMX/cmex/m/n --> OMX/lmex/m/n on input line 29.
LaTeX Font Info:    Overwriting math alphabet `\mathbf' in version `normal'
(Font)                  OT1/cmr/bx/n --> OT1/lmr/bx/n on input line 31.
LaTeX Font Info:    Overwriting math alphabet `\mathsf' in version `normal'
(Font)                  OT1/cmss/m/n --> OT1/lmss/m/n on input line 32.
LaTeX Font Info:    Overwriting math alphabet `\mathit' in version `normal'
(Font)                  OT1/cmr/m/it --> OT1/lmr/m/it on input line 33.
LaTeX Font Info:    Overwriting math alphabet `\mathtt' in version `normal'
(Font)                  OT1/cmtt/m/n --> OT1/lmtt/m/n on input line 34.
LaTeX Font Info:    Overwriting math alphabet `\mathbf' in version `bold'
(Font)                  OT1/cmr/bx/n --> OT1/lmr/bx/n on input line 35.
LaTeX Font Info:    Overwriting math alphabet `\mathsf' in version `bold'
(Font)                  OT1/cmss/bx/n --> OT1/lmss/bx/n on input line 36.
LaTeX Font Info:    Overwriting math alphabet `\mathit' in version `bold'
(Font)                  OT1/cmr/bx/it --> OT1/lmr/bx/it on input line 37.
LaTeX Font Info:    Overwriting math alphabet `\mathtt' in version `bold'
(Font)                  OT1/cmtt/m/n --> OT1/lmtt/m/n on input line 38.
)
("C:\Users\theac\AppData\Local\Programs\MiKTeX 2.9\tex/latex/microtype\microtyp
e.sty"
Package: microtype 2019/11/18 v2.7d Micro-typographical refinements (RS)

("C:\Users\theac\AppData\Local\Programs\MiKTeX 2.9\tex/latex/graphics\keyval.st
y"
Package: keyval 2014/10/28 v1.15 key=value parser (DPC)
\KV@toks@=\toks26
)
\MT@toks=\toks27
\MT@count=\count295
LaTeX Info: Redefining \textls on input line 790.
\MT@outer@kern=\dimen180
LaTeX Info: Redefining \textmicrotypecontext on input line 1354.
\MT@listname@count=\count296

("C:\Users\theac\AppData\Local\Programs\MiKTeX 2.9\tex/latex/microtype\microtyp
e-pdftex.def"
File: microtype-pdftex.def 2019/11/18 v2.7d Definitions specific to pdftex (RS)

LaTeX Info: Redefining \lsstyle on input line 914.
LaTeX Info: Redefining \lslig on input line 914.
\MT@outer@space=\skip191
)
Package microtype Info: Loading configuration file microtype.cfg.

("C:\Users\theac\AppData\Local\Programs\MiKTeX 2.9\tex/latex/microtype\microtyp
e.cfg"
File: microtype.cfg 2019/11/18 v2.7d microtype main configuration file (RS)
))
("C:\Users\theac\AppData\Local\Programs\MiKTeX 2.9\tex/latex/placeins\placeins.
sty"
Package: placeins 2005/04/18  v 2.2
)
("C:\Users\theac\AppData\Local\Programs\MiKTeX 2.9\tex/latex/xcolor\xcolor.sty"
Package: xcolor 2016/05/11 v2.12 LaTeX color extensions (UK)

("C:\Users\theac\AppData\Local\Programs\MiKTeX 2.9\tex/latex/graphics-cfg\color
.cfg"
File: color.cfg 2016/01/02 v1.6 sample color configuration
)
Package xcolor Info: Driver file: pdftex.def on input line 225.

("C:\Users\theac\AppData\Local\Programs\MiKTeX 2.9\tex/latex/graphics-def\pdfte
x.def"
File: pdftex.def 2018/01/08 v1.0l Graphics/color driver for pdftex
)
("C:\Users\theac\AppData\Local\Programs\MiKTeX 2.9\tex/latex/colortbl\colortbl.
sty"
Package: colortbl 2020/01/04 v1.0e Color table columns (DPC)
\everycr=\toks28
\minrowclearance=\skip192
)
\rownum=\count297
Package xcolor Info: Model `cmy' substituted by `cmy0' on input line 1348.
Package xcolor Info: Model `hsb' substituted by `rgb' on input line 1352.
Package xcolor Info: Model `RGB' extended on input line 1364.
Package xcolor Info: Model `HTML' substituted by `rgb' on input line 1366.
Package xcolor Info: Model `Hsb' substituted by `hsb' on input line 1367.
Package xcolor Info: Model `tHsb' substituted by `hsb' on input line 1368.
Package xcolor Info: Model `HSB' substituted by `hsb' on input line 1369.
Package xcolor Info: Model `Gray' substituted by `gray' on input line 1370.
Package xcolor Info: Model `wave' substituted by `hsb' on input line 1371.
)
("C:\Users\theac\AppData\Local\Programs\MiKTeX 2.9\tex/latex/xtab\xtab.sty"
Package: xtab 2011/07/31 v2.3f Extended supertabular package
\c@tracingst=\count298
\PWSTcapht=\dimen181
\ST@wd=\dimen182
\ST@rightskip=\skip193
\ST@leftskip=\skip194
\ST@parfillskip=\skip195
\c@PWSTtable=\count299
\PWSTlastpage=\count300
\PWSTpenultimate=\count301
\PWSTcurpage=\count302
\PWSTtempc=\count303
\PWSTlines=\count304
\PWST@lastht=\dimen183
\PWST@generalht=\dimen184
\PWST@ht=\dimen185
\ST@pageleft=\dimen186
\ST@headht=\dimen187
\ST@tailht=\dimen188
\ST@pagesofar=\dimen189
\ST@pboxht=\dimen190
\ST@lineht=\dimen191
\ST@stretchht=\dimen192
\ST@prevht=\dimen193
\ST@toadd=\dimen194
\ST@dimen=\dimen195
\ST@pbox=\box50
)
("C:\Users\theac\AppData\Local\Programs\MiKTeX 2.9\tex/latex/multirow\multirow.
sty"
Package: multirow 2019/05/31 v2.5 Span multiple rows of a table
\multirow@colwidth=\skip196
\multirow@cntb=\count305
\multirow@dima=\skip197
\bigstrutjot=\dimen196
)
("C:\Users\theac\AppData\Local\Programs\MiKTeX 2.9\tex/latex/hyperref\hyperref.
sty"
Package: hyperref 2020-05-15 v7.00e Hypertext links for LaTeX

("C:\Users\theac\AppData\Local\Programs\MiKTeX 2.9\tex/generic/ltxcmds\ltxcmds.
sty"
Package: ltxcmds 2019/12/15 v1.24 LaTeX kernel commands for general use (HO)
)
("C:\Users\theac\AppData\Local\Programs\MiKTeX 2.9\tex/latex/pdftexcmds\pdftexc
mds.sty"
Package: pdftexcmds 2019/11/24 v0.31 Utility functions of pdfTeX for LuaTeX (HO
)

("C:\Users\theac\AppData\Local\Programs\MiKTeX 2.9\tex/generic/infwarerr\infwar
err.sty"
Package: infwarerr 2019/12/03 v1.5 Providing info/warning/error messages (HO)
)
Package pdftexcmds Info: \pdf@primitive is available.
Package pdftexcmds Info: \pdf@ifprimitive is available.
Package pdftexcmds Info: \pdfdraftmode found.
)
("C:\Users\theac\AppData\Local\Programs\MiKTeX 2.9\tex/generic/kvsetkeys\kvsetk
eys.sty"
Package: kvsetkeys 2019/12/15 v1.18 Key value parser (HO)
)
("C:\Users\theac\AppData\Local\Programs\MiKTeX 2.9\tex/generic/kvdefinekeys\kvd
efinekeys.sty"
Package: kvdefinekeys 2019-12-19 v1.6 Define keys (HO)
)
("C:\Users\theac\AppData\Local\Programs\MiKTeX 2.9\tex/generic/pdfescape\pdfesc
ape.sty"
Package: pdfescape 2019/12/09 v1.15 Implements pdfTeX's escape features (HO)
)
("C:\Users\theac\AppData\Local\Programs\MiKTeX 2.9\tex/latex/hycolor\hycolor.st
y"
Package: hycolor 2020-01-27 v1.10 Color options for hyperref/bookmark (HO)
)
("C:\Users\theac\AppData\Local\Programs\MiKTeX 2.9\tex/latex/letltxmacro\letltx
macro.sty"
Package: letltxmacro 2019/12/03 v1.6 Let assignment for LaTeX macros (HO)
)
("C:\Users\theac\AppData\Local\Programs\MiKTeX 2.9\tex/latex/auxhook\auxhook.st
y"
Package: auxhook 2019-12-17 v1.6 Hooks for auxiliary files (HO)
)
("C:\Users\theac\AppData\Local\Programs\MiKTeX 2.9\tex/latex/kvoptions\kvoption
s.sty"
Package: kvoptions 2019/11/29 v3.13 Key value format for package options (HO)
)
\@linkdim=\dimen197
\Hy@linkcounter=\count306
\Hy@pagecounter=\count307

("C:\Users\theac\AppData\Local\Programs\MiKTeX 2.9\tex/latex/hyperref\pd1enc.de
f"
File: pd1enc.def 2020-05-15 v7.00e Hyperref: PDFDocEncoding definition (HO)
Now handling font encoding PD1 ...
... no UTF-8 mapping file for font encoding PD1
)
("C:\Users\theac\AppData\Local\Programs\MiKTeX 2.9\tex/generic/intcalc\intcalc.
sty"
Package: intcalc 2019/12/15 v1.3 Expandable calculations with integers (HO)
)
("C:\Users\theac\AppData\Local\Programs\MiKTeX 2.9\tex/generic/etexcmds\etexcmd
s.sty"
Package: etexcmds 2019/12/15 v1.7 Avoid name clashes with e-TeX commands (HO)
)
\Hy@SavedSpaceFactor=\count308
Package hyperref Info: Option `colorlinks' set `true' on input line 4338.
Package hyperref Info: Hyper figures OFF on input line 4464.
Package hyperref Info: Link nesting OFF on input line 4469.
Package hyperref Info: Hyper index ON on input line 4472.
Package hyperref Info: Plain pages OFF on input line 4479.
Package hyperref Info: Backreferencing OFF on input line 4484.
Package hyperref Info: Implicit mode ON; LaTeX internals redefined.
Package hyperref Info: Bookmarks ON on input line 4717.
\c@Hy@tempcnt=\count309
 ("C:\Users\theac\AppData\Local\Programs\MiKTeX 2.9\tex/latex/url\url.sty"
\Urlmuskip=\muskip16
Package: url 2013/09/16  ver 3.4  Verb mode for urls, etc.
)
LaTeX Info: Redefining \url on input line 5076.
\XeTeXLinkMargin=\dimen198

("C:\Users\theac\AppData\Local\Programs\MiKTeX 2.9\tex/generic/bitset\bitset.st
y"
Package: bitset 2019/12/09 v1.3 Handle bit-vector datatype (HO)

("C:\Users\theac\AppData\Local\Programs\MiKTeX 2.9\tex/generic/bigintcalc\bigin
tcalc.sty"
Package: bigintcalc 2019/12/15 v1.5 Expandable calculations on big integers (HO
)
))
\Fld@menulength=\count310
\Field@Width=\dimen256
\Fld@charsize=\dimen257
Package hyperref Info: Hyper figures OFF on input line 6347.
Package hyperref Info: Link nesting OFF on input line 6352.
Package hyperref Info: Hyper index ON on input line 6355.
Package hyperref Info: backreferencing OFF on input line 6362.
Package hyperref Info: Link coloring ON on input line 6365.
Package hyperref Info: Link coloring with OCG OFF on input line 6372.
Package hyperref Info: PDF/A mode OFF on input line 6377.
LaTeX Info: Redefining \ref on input line 6417.
LaTeX Info: Redefining \pageref on input line 6421.

("C:\Users\theac\AppData\Local\Programs\MiKTeX 2.9\tex/generic/atbegshi\atbegsh
i.sty"
Package: atbegshi 2019/12/05 v1.19 At begin shipout hook (HO)
)
\Hy@abspage=\count311
\c@Item=\count312
\c@Hfootnote=\count313
)
("C:\Users\theac\AppData\Local\Programs\MiKTeX 2.9\tex/latex/memoir\memhfixc.st
y"
Package: memhfixc 2019/10/24 v1.18 nameref/hyperref package fixes for memoir cl
ass
\c@memhycontfloat=\count314
\c@Hpagenote=\count315
)
Package hyperref Info: Driver (autodetected): hpdftex.

("C:\Users\theac\AppData\Local\Programs\MiKTeX 2.9\tex/latex/hyperref\hpdftex.d
ef"
File: hpdftex.def 2020-05-15 v7.00e Hyperref driver for pdfTeX

("C:\Users\theac\AppData\Local\Programs\MiKTeX 2.9\tex/latex/atveryend\atveryen
d.sty"
Package: atveryend 2019-12-11 v1.11 Hooks at the very end of document (HO)
Package atveryend Info: \enddocument detected (standard20110627).
)
\Fld@listcount=\count316
\c@bookmark@seq@number=\count317

("C:\Users\theac\AppData\Local\Programs\MiKTeX 2.9\tex/latex/rerunfilecheck\rer
unfilecheck.sty"
Package: rerunfilecheck 2019/12/05 v1.9 Rerun checks for auxiliary files (HO)

("C:\Users\theac\AppData\Local\Programs\MiKTeX 2.9\tex/generic/uniquecounter\un
iquecounter.sty"
Package: uniquecounter 2019/12/15 v1.4 Provide unlimited unique counter (HO)
)
Package uniquecounter Info: New unique counter `rerunfilecheck' on input line 2
86.
)
\Hy@SectionHShift=\skip198
)
("C:\Users\theac\AppData\Local\Programs\MiKTeX 2.9\tex/latex/amsmath\amsmath.st
y"
Package: amsmath 2020/01/20 v2.17e AMS math features
\@mathmargin=\skip256

For additional information on amsmath, use the `?' option.

("C:\Users\theac\AppData\Local\Programs\MiKTeX 2.9\tex/latex/amsmath\amstext.st
y"
Package: amstext 2000/06/29 v2.01 AMS text

("C:\Users\theac\AppData\Local\Programs\MiKTeX 2.9\tex/latex/amsmath\amsgen.sty
"
File: amsgen.sty 1999/11/30 v2.0 generic functions
\@emptytoks=\toks29
\ex@=\dimen258
))
("C:\Users\theac\AppData\Local\Programs\MiKTeX 2.9\tex/latex/amsmath\amsbsy.sty
"
Package: amsbsy 1999/11/29 v1.2d Bold Symbols
\pmbraise@=\dimen259
)
("C:\Users\theac\AppData\Local\Programs\MiKTeX 2.9\tex/latex/amsmath\amsopn.sty
"
Package: amsopn 2016/03/08 v2.02 operator names
)
\inf@bad=\count318
LaTeX Info: Redefining \frac on input line 227.
\uproot@=\count319
\leftroot@=\count320
LaTeX Info: Redefining \overline on input line 389.
\classnum@=\count321
\DOTSCASE@=\count322
LaTeX Info: Redefining \ldots on input line 486.
LaTeX Info: Redefining \dots on input line 489.
LaTeX Info: Redefining \cdots on input line 610.
\Mathstrutbox@=\box51
\strutbox@=\box52
\big@size=\dimen260
LaTeX Font Info:    Redeclaring font encoding OML on input line 733.
LaTeX Font Info:    Redeclaring font encoding OMS on input line 734.
\macc@depth=\count323
\c@MaxMatrixCols=\count324
\dotsspace@=\muskip17
\c@parentequation=\count325
\dspbrk@lvl=\count326
\tag@help=\toks30
\row@=\count327
\column@=\count328
\maxfields@=\count329
\andhelp@=\toks31
\eqnshift@=\dimen261
\alignsep@=\dimen262
\tagshift@=\dimen263
\tagwidth@=\dimen264
\totwidth@=\dimen265
\lineht@=\dimen266
\@envbody=\toks32
\multlinegap=\skip257
\multlinetaggap=\skip258
\mathdisplay@stack=\toks33
LaTeX Info: Redefining \[ on input line 2859.
LaTeX Info: Redefining \] on input line 2860.
)
("C:\Users\theac\AppData\Local\Programs\MiKTeX 2.9\tex/latex/graphics\graphicx.
sty"
Package: graphicx 2019/11/30 v1.2a Enhanced LaTeX Graphics (DPC,SPQR)

("C:\Users\theac\AppData\Local\Programs\MiKTeX 2.9\tex/latex/graphics\graphics.
sty"
Package: graphics 2019/11/30 v1.4a Standard LaTeX Graphics (DPC,SPQR)

("C:\Users\theac\AppData\Local\Programs\MiKTeX 2.9\tex/latex/graphics\trig.sty"
Package: trig 2016/01/03 v1.10 sin cos tan (DPC)
)
("C:\Users\theac\AppData\Local\Programs\MiKTeX 2.9\tex/latex/graphics-cfg\graph
ics.cfg"
File: graphics.cfg 2016/06/04 v1.11 sample graphics configuration
)
Package graphics Info: Driver file: pdftex.def on input line 105.
)
\Gin@req@height=\dimen267
\Gin@req@width=\dimen268
)
("C:\Users\theac\AppData\Local\Programs\MiKTeX 2.9\tex/latex/l3backend\l3backen
d-pdfmode.def"
File: l3backend-pdfmode.def 2020-05-05 L3 backend support: PDF mode
\l__kernel_color_stack_int=\count330
\l__pdf_internal_box=\box53
)
No file memoria.aux.
\openout1 = `memoria.aux'.

LaTeX Font Info:    Checking defaults for OML/cmm/m/it on input line 367.
LaTeX Font Info:    ... okay on input line 367.
LaTeX Font Info:    Checking defaults for OMS/cmsy/m/n on input line 367.
LaTeX Font Info:    ... okay on input line 367.
LaTeX Font Info:    Checking defaults for OT1/cmr/m/n on input line 367.
LaTeX Font Info:    ... okay on input line 367.
LaTeX Font Info:    Checking defaults for T1/cmr/m/n on input line 367.
LaTeX Font Info:    ... okay on input line 367.
LaTeX Font Info:    Checking defaults for TS1/cmr/m/n on input line 367.
LaTeX Font Info:    ... okay on input line 367.
LaTeX Font Info:    Checking defaults for OMX/cmex/m/n on input line 367.
LaTeX Font Info:    ... okay on input line 367.
LaTeX Font Info:    Checking defaults for U/cmr/m/n on input line 367.
LaTeX Font Info:    ... okay on input line 367.
LaTeX Font Info:    Checking defaults for PD1/pdf/m/n on input line 367.
LaTeX Font Info:    ... okay on input line 367.
LaTeX Font Info:    Trying to load font information for T1+lmr on input line 36
7.
("C:\Users\theac\AppData\Local\Programs\MiKTeX 2.9\tex/latex/lm\t1lmr.fd"
File: t1lmr.fd 2009/10/30 v1.6 Font defs for Latin Modern
)
LaTeX Info: Redefining \. on input line 367.
LaTeX Info: Redefining \% on input line 367.
LaTeX Info: Redefining \microtypecontext on input line 367.
Package microtype Info: Generating PDF output.
Package microtype Info: Character protrusion enabled (level 2).
Package microtype Info: Using default protrusion set `alltext'.
Package microtype Info: Automatic font expansion enabled (level 2),
(microtype)             stretch: 20, shrink: 20, step: 1, non-selected.
Package microtype Info: Using default expansion set `basictext'.
LaTeX Info: Redefining \showhyphens on input line 367.
Package microtype Info: No adjustment of tracking.
Package microtype Info: No adjustment of interword spacing.
Package microtype Info: No adjustment of character kerning.

("C:\Users\theac\AppData\Local\Programs\MiKTeX 2.9\tex/latex/microtype\mt-cmr.c
fg"
File: mt-cmr.cfg 2013/05/19 v2.2 microtype config. file: Computer Modern Roman 
(RS)
)
("C:\Users\theac\AppData\Local\Programs\MiKTeX 2.9\tex/context/base/mkii\supp-p
df.mkii"
[Loading MPS to PDF converter (version 2006.09.02).]
\scratchcounter=\count331
\scratchdimen=\dimen269
\scratchbox=\box54
\nofMPsegments=\count332
\nofMParguments=\count333
\everyMPshowfont=\toks34
\MPscratchCnt=\count334
\MPscratchDim=\dimen270
\MPnumerator=\count335
\makeMPintoPDFobject=\count336
\everyMPtoPDFconversion=\toks35
)
("C:\Users\theac\AppData\Local\Programs\MiKTeX 2.9\tex/latex/epstopdf-pkg\epsto
pdf-base.sty"
Package: epstopdf-base 2020-01-24 v2.11 Base part for package epstopdf
Package epstopdf-base Info: Redefining graphics rule for `.eps' on input line 4
85.
)
\AtBeginShipoutBox=\box55
Package hyperref Info: Link coloring ON on input line 367.

("C:\Users\theac\AppData\Local\Programs\MiKTeX 2.9\tex/latex/hyperref\nameref.s
ty"
Package: nameref 2019/09/16 v2.46 Cross-referencing by name of section

("C:\Users\theac\AppData\Local\Programs\MiKTeX 2.9\tex/latex/refcount\refcount.
sty"
Package: refcount 2019/12/15 v3.6 Data extraction from label references (HO)
)
("C:\Users\theac\AppData\Local\Programs\MiKTeX 2.9\tex/generic/gettitlestring\g
ettitlestring.sty"
Package: gettitlestring 2019/12/15 v1.6 Cleanup title references (HO)
)
\c@section@level=\count337
)
Redoing nameref's sectioning
Redoing nameref's label
LaTeX Info: Redefining \nameref on input line 367.
LaTeX Info: Redefining \ref on input line 367.
LaTeX Info: Redefining \pageref on input line 367.
LaTeX Info: Redefining \nameref on input line 367.
\@outlinefile=\write4
\openout4 = `memoria.out'.

<./img/cabecera.pdf, id=3, 617.67549pt x 135.51413pt>
File: ./img/cabecera.pdf Graphic file (type pdf)
<use ./img/cabecera.pdf>
Package pdftex.def Info: ./img/cabecera.pdf  used on input line 369.
(pdftex.def)             Requested size: 383.0pt x 84.02823pt.
LaTeX Font Info:    Trying to load font information for OT1+lmr on input line 3
69.
("C:\Users\theac\AppData\Local\Programs\MiKTeX 2.9\tex/latex/lm\ot1lmr.fd"
File: ot1lmr.fd 2009/10/30 v1.6 Font defs for Latin Modern
)
LaTeX Font Info:    Trying to load font information for OML+lmm on input line 3
69.

("C:\Users\theac\AppData\Local\Programs\MiKTeX 2.9\tex/latex/lm\omllmm.fd"
File: omllmm.fd 2009/10/30 v1.6 Font defs for Latin Modern
)
LaTeX Font Info:    Trying to load font information for OMS+lmsy on input line 
369.

("C:\Users\theac\AppData\Local\Programs\MiKTeX 2.9\tex/latex/lm\omslmsy.fd"
File: omslmsy.fd 2009/10/30 v1.6 Font defs for Latin Modern
)
LaTeX Font Info:    Trying to load font information for OMX+lmex on input line 
369.

("C:\Users\theac\AppData\Local\Programs\MiKTeX 2.9\tex/latex/lm\omxlmex.fd"
File: omxlmex.fd 2009/10/30 v1.6 Font defs for Latin Modern
)
LaTeX Font Info:    External font `lmex10' loaded for size
(Font)              <12> on input line 369.
LaTeX Font Info:    External font `lmex10' loaded for size
(Font)              <8> on input line 369.
LaTeX Font Info:    External font `lmex10' loaded for size
(Font)              <6> on input line 369.
<./img/escudoInfor.pdf, id=4, 618.11432pt x 737.07487pt>
File: ./img/escudoInfor.pdf Graphic file (type pdf)
<use ./img/escudoInfor.pdf>
Package pdftex.def Info: ./img/escudoInfor.pdf  used on input line 369.
(pdftex.def)             Requested size: 76.59883pt x 91.3356pt.

Overfull \hbox (27.54143pt too wide) in paragraph at lines 369--369
[][][][][][][] $[]$ 
 []

[1

{C:/Users/theac/AppData/Local/MiKTeX/2.9/pdftex/config/pdftex.map} <./img/cabec
era.pdf> <./img/escudoInfor.pdf

pdfTeX warning: pdflatex (file ./img/escudoInfor.pdf): PDF inclusion: multiple 
pdfs with page group included in a single page
>] [2

] [3]
File: ./img/cabecera.pdf Graphic file (type pdf)
<use ./img/cabecera.pdf>
Package pdftex.def Info: ./img/cabecera.pdf  used on input line 379.
(pdftex.def)             Requested size: 383.0pt x 84.02823pt.
LaTeX Font Info:    Trying to load font information for TS1+lmr on input line 4
15.

("C:\Users\theac\AppData\Local\Programs\MiKTeX 2.9\tex/latex/lm\ts1lmr.fd"
File: ts1lmr.fd 2009/10/30 v1.6 Font defs for Latin Modern
)
[4] [5] [6

]
Package microtype Info: Character `029' is missing
(microtype)             in font `T1/lmr/m/sc/12'.
(microtype)             Ignoring protrusion settings for this character.
 [1] [2

]
LaTeX Font Info:    Trying to load font information for T1+lmss on input line 4
58.

("C:\Users\theac\AppData\Local\Programs\MiKTeX 2.9\tex/latex/lm\t1lmss.fd"
File: t1lmss.fd 2009/10/30 v1.6 Font defs for Latin Modern
)
Package microtype Info: Loading generic protrusion settings for font family
(microtype)             `lmss' (encoding: T1).
(microtype)             For optimal results, create family-specific settings.
(microtype)             See the microtype manual for details.

[3

]

Package hyperref Warning: old lof file detected, not used; run LaTeX again.

[4

]

Package hyperref Warning: old lot file detected, not used; run LaTeX again.

[5

] [6


]
\openout2 = `./tex/1_Introduccion.aux'.

 (tex/1_Introduccion.tex
LaTeX Font Info:    External font `lmex10' loaded for size
(Font)              <10.95> on input line 3.


LaTeX Warning: Citation `intro:bio-wiki' on page 1 undefined on input line 5.


LaTeX Warning: Citation `intro:iris-rec' on page 1 undefined on input line 17.

pdfTeX warning (ext4): destination with the same identifier (name{page.1}) has 
been already used, duplicate ignored
<to be read again> 
                   \relax 
l.18 
      [1


]

LaTeX Warning: Citation `intro:iris-bio' on page 2 undefined on input line 19.


LaTeX Warning: Reference `fig:afghan-girl' on page 2 undefined on input line 21
.

<./img/afghan-girl.jpg, id=437, 662.475pt x 331.2375pt>
File: ./img/afghan-girl.jpg Graphic file (type jpg)
<use ./img/afghan-girl.jpg>
Package pdftex.def Info: ./img/afghan-girl.jpg  used on input line 27.
(pdftex.def)             Requested size: 344.69766pt x 172.34557pt.
LaTeX Info: Redefining \. on input line 38.
LaTeX Info: Redefining \% on input line 38.
pdfTeX warning (ext4): destination with the same identifier (name{page.2}) has 
been already used, duplicate ignored
<to be read again> 
                   \relax 
l.38   \textbf
              {Introducción:} breve descripción del problema a resolver y la
[2 <./img/afghan-girl.jpg>]
Underfull \vbox (badness 1038) has occurred while \output is active []

LaTeX Info: Redefining \. on input line 87.
LaTeX Info: Redefining \% on input line 87.
pdfTeX warning (ext4): destination with the same identifier (name{page.3}) has 
been already used, duplicate ignored
<to be read again> 
                   \relax 
l.87 	\item \textbf
                   {Aplicación de escritorio:} demo realizada en Kivy que m...
[3]
LaTeX Font Info:    Trying to load font information for T1+lmtt on input line 9
0.
 ("C:\Users\theac\AppData\Local\Programs\MiKTeX 2.9\tex/latex/lm\t1lmtt.fd"
File: t1lmtt.fd 2009/10/30 v1.6 Font defs for Latin Modern
)
Package microtype Info: Loading generic protrusion settings for font family
(microtype)             `lmtt' (encoding: T1).
(microtype)             For optimal results, create family-specific settings.
(microtype)             See the microtype manual for details.
)
LaTeX Info: Redefining \. on input line 469.
LaTeX Info: Redefining \% on input line 469.
pdfTeX warning (ext4): destination with the same identifier (name{page.4}) has 
been already used, duplicate ignored
<to be read again> 
                   \relax 
l.469 \include{./tex/1_Introduccion}
                                     [4]
\openout2 = `./tex/2_Objetivos_del_proyecto.aux'.

 (tex/2_Objetivos_del_proyecto.texpdfTeX warning (ext4): destination with the s
ame identifier (name{page.5}) has been already used, duplicate ignored
<to be read again> 
                   \relax 
l.26 	\item C
             omprender el funcionamiento de un sistema de reconocimiento e i...
[5



])
LaTeX Info: Redefining \. on input line 470.
LaTeX Info: Redefining \% on input line 470.
pdfTeX warning (ext4): destination with the same identifier (name{page.6}) has 
been already used, duplicate ignored
<to be read again> 
                   \relax 
l.470 \include{./tex/2_Objetivos_del_proyecto}
                                               [6]
\openout2 = `./tex/3_Conceptos_teoricos.aux'.


(tex/3_Conceptos_teoricos.tex

LaTeX Warning: Reference `fig:eye-anatomy' on page 7 undefined on input line 5.


<./img/eye-anatomy.jpg, id=464, 481.8pt x 421.575pt>
File: ./img/eye-anatomy.jpg Graphic file (type jpg)
<use ./img/eye-anatomy.jpg>
Package pdftex.def Info: ./img/eye-anatomy.jpg  used on input line 17.
(pdftex.def)             Requested size: 344.69766pt x 301.6168pt.

LaTeX Warning: `!h' float specifier changed to `!ht'.

[7



]
LaTeX Info: Redefining \. on input line 37.
LaTeX Info: Redefining \% on input line 37.
 [8 <./img/eye-anatomy.jpg>]
<./img/casia-camera.jpg, id=484, 371.88937pt x 273.27094pt>
File: ./img/casia-camera.jpg Graphic file (type jpg)
<use ./img/casia-camera.jpg>
Package pdftex.def Info: ./img/casia-camera.jpg  used on input line 43.
(pdftex.def)             Requested size: 344.69766pt x 253.29703pt.
LaTeX Info: Redefining \. on input line 46.
LaTeX Info: Redefining \% on input line 46.


Class memoir Warning: The material used in the headers is too large
(15.35403pt) for the given head height (14.5pt), it is recommended to
either increase the head height or redesign the header
(in both cases you will find help in the memoir manual). on input line 46.


Overfull \vbox (0.85403pt too high) has occurred while \output is active []


[9 <./img/casia-camera.jpg>]
<./img/specular.jpg, id=491, 669.50125pt x 299.1175pt>
File: ./img/specular.jpg Graphic file (type jpg)
<use ./img/specular.jpg>
Package pdftex.def Info: ./img/specular.jpg  used on input line 47.
(pdftex.def)             Requested size: 344.69766pt x 154.00842pt.
LaTeX Info: Redefining \. on input line 101.
LaTeX Info: Redefining \% on input line 101.
 [10 <./img/specular.jpg>])
LaTeX Info: Redefining \. on input line 471.
LaTeX Info: Redefining \% on input line 471.
 [11]
\openout2 = `./tex/4_Tecnicas_y_herramientas.aux'.


(tex/4_Tecnicas_y_herramientas.tex [12



]) [13]
\openout2 = `./tex/5_Aspectos_relevantes_del_desarrollo_del_proyecto.aux'.


(tex/5_Aspectos_relevantes_del_desarrollo_del_proyecto.tex [14



]) [15]
\openout2 = `./tex/6_Trabajos_relacionados.aux'.


(tex/6_Trabajos_relacionados.tex [16



]) [17]
\openout2 = `./tex/7_Conclusiones_Lineas_de_trabajo_futuras.aux'.


(tex/7_Conclusiones_Lineas_de_trabajo_futuras.tex [18



]) [19]
\openout2 = `./docs/bibliografia.aux'.


No file ./docs/bibliografia.tex.

Class memoir Warning: The material used in the headers is too large
(15.35403pt) for the given head height (14.5pt), it is recommended to
either increase the head height or redesign the header
(in both cases you will find help in the memoir manual). on input line 481.

\tf@toc=\write5
\openout5 = `memoria.toc'.

\tf@lof=\write6
\openout6 = `memoria.lof'.

\tf@lot=\write7
\openout7 = `memoria.lot'.

Package atveryend Info: Empty hook `BeforeClearDocument' on input line 481.
Package atveryend Info: Empty hook `AfterLastShipout' on input line 481.
(memoria.aux
LaTeX Info: Redefining \. on input line 25.
LaTeX Info: Redefining \% on input line 25.
LaTeX Info: Redefining \. on input line 26.
LaTeX Info: Redefining \% on input line 26.
 (tex/1_Introduccion.aux) (tex/2_Objetivos_del_proyecto.aux)
(tex/3_Conceptos_teoricos.aux) (tex/4_Tecnicas_y_herramientas.aux)
(tex/5_Aspectos_relevantes_del_desarrollo_del_proyecto.aux)
(tex/6_Trabajos_relacionados.aux)
(tex/7_Conclusiones_Lineas_de_trabajo_futuras.aux) (docs/bibliografia.aux))
Package atveryend Info: Executing hook `AtVeryEndDocument' on input line 481.
Package atveryend Info: Executing hook `AtEndAfterFileList' on input line 481.


Package rerunfilecheck Warning: File `memoria.out' has changed.
(rerunfilecheck)                Rerun to get outlines right
(rerunfilecheck)                or use package `bookmark'.

Package rerunfilecheck Info: Checksums for `memoria.out':
(rerunfilecheck)             Before: <no file>
(rerunfilecheck)             After:  3A24AA89FCE52D9D0FBDF76B203C9163;1290.

LaTeX Warning: There were undefined references.


LaTeX Warning: Label(s) may have changed. Rerun to get cross-references right.

Package atveryend Info: Empty hook `AtVeryVeryEnd' on input line 481.
 ) 
Here is how much of TeX's memory you used:
 13252 strings out of 480799
 202615 string characters out of 2895784
 553346 words of memory out of 3000000
 28828 multiletter control sequences out of 15000+200000
 611747 words of font info for 117 fonts, out of 3000000 for 9000
 1141 hyphenation exceptions out of 8191
 39i,12n,42p,521b,541s stack positions out of 5000i,500n,10000p,200000b,50000s
{C:/Users/theac/AppData/Local/Programs/MiKTeX 2.9/fonts/enc/dvips/lm/lm-ec.en
c}{C:/Users/theac/AppData/Local/Programs/MiKTeX 2.9/fonts/enc/dvips/lm/lm-rm.en
c}{C:/Users/theac/AppData/Local/Programs/MiKTeX 2.9/fonts/enc/dvips/lm/lm-ts1.e
nc}<C:/Users/theac/AppData/Local/Programs/MiKTeX 2.9/fonts/type1/public/lm/lmbx
10.pfb><C:/Users/theac/AppData/Local/Programs/MiKTeX 2.9/fonts/type1/public/lm/
lmbx12.pfb><C:/Users/theac/AppData/Local/Programs/MiKTeX 2.9/fonts/type1/public
/lm/lmcsc10.pfb><C:/Users/theac/AppData/Local/Programs/MiKTeX 2.9/fonts/type1/p
ublic/lm/lmr10.pfb><C:/Users/theac/AppData/Local/Programs/MiKTeX 2.9/fonts/type
1/public/lm/lmr12.pfb><C:/Users/theac/AppData/Local/Programs/MiKTeX 2.9/fonts/t
ype1/public/lm/lmr17.pfb><C:/Users/theac/AppData/Local/Programs/MiKTeX 2.9/font
s/type1/public/lm/lmr8.pfb><C:/Users/theac/AppData/Local/Programs/MiKTeX 2.9/fo
nts/type1/public/lm/lmri10.pfb><C:/Users/theac/AppData/Local/Programs/MiKTeX 2.
9/fonts/type1/public/lm/lmri12.pfb><C:/Users/theac/AppData/Local/Programs/MiKTe
X 2.9/fonts/type1/public/lm/lmro12.pfb><C:/Users/theac/AppData/Local/Programs/M
iKTeX 2.9/fonts/type1/public/lm/lmssbx10.pfb><C:/Users/theac/AppData/Local/Prog
rams/MiKTeX 2.9/fonts/type1/public/lm/lmtt12.pfb>
Output written on memoria.pdf (31 pages, 919048 bytes).
PDF statistics:
 603 PDF objects out of 1000 (max. 8388607)
 59 named destinations out of 1000 (max. 500000)
 26143 words of extra memory for PDF output out of 29859 (max. 10000000)

