\BOOKMARK [0][-]{section*.1}{\315ndice general}{}% 1
\BOOKMARK [0][-]{section*.2}{\315ndice de figuras}{}% 2
\BOOKMARK [0][-]{section*.3}{\315ndice de tablas}{}% 3
\BOOKMARK [0][-]{chapter*.4}{Introducci\363n}{}% 4
\BOOKMARK [1][-]{section.1.1}{Estructura de la memoria}{chapter*.4}% 5
\BOOKMARK [1][-]{section.1.2}{Materiales adjuntos}{chapter*.4}% 6
\BOOKMARK [0][-]{chapter*.5}{Objetivos del proyecto}{}% 7
\BOOKMARK [1][-]{section.2.1}{Objetivos generales}{chapter*.5}% 8
\BOOKMARK [1][-]{section.2.2}{Objetivos t\351cnicos}{chapter*.5}% 9
\BOOKMARK [1][-]{section.2.3}{Objetivos personales}{chapter*.5}% 10
\BOOKMARK [0][-]{chapter*.6}{Conceptos te\363ricos}{}% 11
\BOOKMARK [1][-]{section.3.1}{Anatom\355a del iris}{chapter*.6}% 12
\BOOKMARK [1][-]{section.3.2}{Fases del reconocimiento}{chapter*.6}% 13
\BOOKMARK [1][-]{section.3.3}{Adquisici\363n de im\341genes}{chapter*.6}% 14
\BOOKMARK [1][-]{section.3.4}{Listas de items}{chapter*.6}% 15
\BOOKMARK [1][-]{section.3.5}{Tablas}{chapter*.6}% 16
\BOOKMARK [0][-]{chapter*.7}{T\351cnicas y herramientas}{}% 17
\BOOKMARK [0][-]{chapter*.8}{Aspectos relevantes del desarrollo del proyecto}{}% 18
\BOOKMARK [0][-]{chapter*.9}{Trabajos relacionados}{}% 19
\BOOKMARK [0][-]{chapter*.10}{Conclusiones y L\355neas de trabajo futuras}{}% 20
